<?xml version="1.0" encoding="UTF-8"?>
<!-- Generated by org.testng.reporters.JUnitReportReporter -->
<testsuite hostname="DESKTOP-98LDKQG" failures="0" tests="1" name="TestCase.VeirfySignUp" time="22.784" errors="0" timestamp="2022-07-08T08:10:54 IST" skipped="0">
  <testcase classname="TestCase.VeirfySignUp" name="signUp" time="22.784"/>
  <system-out/>
</testsuite> <!-- TestCase.VeirfySignUp -->
